> Task :expo-gradle-plugin:expo-autolinking-settings-plugin:checkKotlinGradlePluginConfigurationErrors SKIPPED
> Task :expo-gradle-plugin:expo-autolinking-plugin-shared:checkKotlinGradlePluginConfigurationErrors SKIPPED
> Task :gradle-plugin:shared:checkKotlinGradlePluginConfigurationErrors SKIPPED
> Task :gradle-plugin:settings-plugin:checkKotlinGradlePluginConfigurationErrors SKIPPED
> Task :expo-gradle-plugin:expo-autolinking-settings-plugin:pluginDescriptors UP-TO-DATE
> Task :gradle-plugin:settings-plugin:pluginDescriptors UP-TO-DATE
> Task :expo-gradle-plugin:expo-autolinking-settings-plugin:processResources UP-TO-DATE
> Task :gradle-plugin:settings-plugin:processResources UP-TO-DATE
> Task :gradle-plugin:shared:compileKotlin UP-TO-DATE
> Task :expo-gradle-plugin:expo-autolinking-plugin-shared:compileKotlin UP-TO-DATE
> Task :gradle-plugin:shared:compileJava NO-SOURCE
> Task :gradle-plugin:shared:processResources NO-SOURCE
> Task :expo-gradle-plugin:expo-autolinking-plugin-shared:compileJava NO-SOURCE
> Task :gradle-plugin:shared:classes UP-TO-DATE
> Task :expo-gradle-plugin:expo-autolinking-plugin-shared:processResources NO-SOURCE
> Task :expo-gradle-plugin:expo-autolinking-plugin-shared:classes UP-TO-DATE
> Task :gradle-plugin:shared:jar UP-TO-DATE
> Task :expo-gradle-plugin:expo-autolinking-plugin-shared:jar UP-TO-DATE
> Task :gradle-plugin:settings-plugin:compileKotlin UP-TO-DATE
> Task :gradle-plugin:settings-plugin:compileJava NO-SOURCE
> Task :gradle-plugin:settings-plugin:classes UP-TO-DATE
> Task :gradle-plugin:settings-plugin:jar UP-TO-DATE
> Task :expo-gradle-plugin:expo-autolinking-settings-plugin:compileKotlin UP-TO-DATE
> Task :expo-gradle-plugin:expo-autolinking-settings-plugin:compileJava NO-SOURCE
> Task :expo-gradle-plugin:expo-autolinking-settings-plugin:classes UP-TO-DATE
> Task :expo-gradle-plugin:expo-autolinking-settings-plugin:jar UP-TO-DATE
> Task :expo-gradle-plugin:expo-max-sdk-override-plugin:checkKotlinGradlePluginConfigurationErrors SKIPPED
> Task :expo-gradle-plugin:expo-autolinking-plugin:checkKotlinGradlePluginConfigurationErrors SKIPPED
> Task :gradle-plugin:react-native-gradle-plugin:checkKotlinGradlePluginConfigurationErrors SKIPPED
> Task :expo-module-gradle-plugin:checkKotlinGradlePluginConfigurationErrors SKIPPED
> Task :expo-dev-launcher-gradle-plugin:checkKotlinGradlePluginConfigurationErrors SKIPPED
> Task :expo-dev-launcher-gradle-plugin:pluginDescriptors UP-TO-DATE
> Task :expo-module-gradle-plugin:pluginDescriptors UP-TO-DATE
> Task :expo-module-gradle-plugin:processResources UP-TO-DATE
> Task :expo-dev-launcher-gradle-plugin:processResources UP-TO-DATE
> Task :expo-gradle-plugin:expo-autolinking-plugin:compileKotlin UP-TO-DATE
> Task :expo-gradle-plugin:expo-max-sdk-override-plugin:compileKotlin UP-TO-DATE
> Task :gradle-plugin:react-native-gradle-plugin:compileKotlin UP-TO-DATE
> Task :expo-gradle-plugin:expo-autolinking-plugin:compileJava NO-SOURCE
> Task :expo-gradle-plugin:expo-max-sdk-override-plugin:compileJava NO-SOURCE
> Task :expo-gradle-plugin:expo-max-sdk-override-plugin:pluginDescriptors UP-TO-DATE
> Task :gradle-plugin:react-native-gradle-plugin:compileJava NO-SOURCE
> Task :expo-gradle-plugin:expo-autolinking-plugin:pluginDescriptors UP-TO-DATE
> Task :gradle-plugin:react-native-gradle-plugin:pluginDescriptors UP-TO-DATE
> Task :expo-gradle-plugin:expo-max-sdk-override-plugin:processResources UP-TO-DATE
> Task :gradle-plugin:react-native-gradle-plugin:processResources UP-TO-DATE
> Task :expo-gradle-plugin:expo-autolinking-plugin:processResources UP-TO-DATE
> Task :gradle-plugin:react-native-gradle-plugin:classes UP-TO-DATE
> Task :expo-gradle-plugin:expo-autolinking-plugin:classes UP-TO-DATE
> Task :expo-gradle-plugin:expo-max-sdk-override-plugin:classes UP-TO-DATE
> Task :expo-gradle-plugin:expo-max-sdk-override-plugin:jar UP-TO-DATE
> Task :expo-gradle-plugin:expo-autolinking-plugin:jar UP-TO-DATE
> Task :gradle-plugin:react-native-gradle-plugin:jar UP-TO-DATE
> Task :expo-module-gradle-plugin:compileKotlin UP-TO-DATE
> Task :expo-dev-launcher-gradle-plugin:compileKotlin UP-TO-DATE
> Task :expo-dev-launcher-gradle-plugin:compileJava NO-SOURCE
> Task :expo-dev-launcher-gradle-plugin:classes UP-TO-DATE
> Task :expo-module-gradle-plugin:compileJava NO-SOURCE
> Task :expo-module-gradle-plugin:classes UP-TO-DATE
> Task :expo-dev-launcher-gradle-plugin:jar UP-TO-DATE
> Task :expo-module-gradle-plugin:jar UP-TO-DATE

> Configure project :app
 ℹ️  [33mApplying gradle plugin[0m '[32mexpo-max-sdk-override-plugin[0m'
  [expo-max-sdk-override-plugin] This plugin will find all permissions declared with `android:maxSdkVersion`. If there exists a declaration with the `android:maxSdkVersion` annotation and another one without, the plugin will remove the annotation from the final merged manifest. In order to see a log with the changes run a clean build of the app.
 ℹ️  [33mApplying gradle plugin[0m '[32mexpo-dev-launcher-gradle-plugin[0m'

> Configure project :
[32m[ExpoRootProject][0m Using the following versions:
  - buildTools:  [32m36.0.0[0m
  - minSdk:      [32m24[0m
  - compileSdk:  [32m36[0m
  - targetSdk:   [32m36[0m
  - ndk:         [32m27.1.12297006[0m
  - kotlin:      [32m2.1.20[0m
  - ksp:         [32m2.1.20-2.0.1[0m

> Configure project :expo-modules-core
Linking react-native-worklets native libs into expo-modules-core build tasks
task ':react-native-worklets:mergeDebugNativeLibs'
task ':react-native-worklets:mergeReleaseNativeLibs'

> Configure project :expo

Using expo modules
  - [32mexpo-log-box[0m (56.0.13)
  - [32mlivekit-react-native-expo-plugin[0m (1.0.0)
  - [32mexpo-constants[0m (56.0.19)
  - [32mexpo-dev-client[0m (56.0.20)
  - [32mexpo-dev-launcher[0m (56.0.20)
  - [32mexpo-dev-menu[0m (56.0.17)
  - [32mexpo-dev-menu-interface[0m (56.0.1)
  - [32mexpo-json-utils[0m (56.0.0)
  - [32mexpo-manifests[0m (56.0.4)
  - [32mexpo-modules-core[0m (56.0.17)
  - [32mexpo-speaker-route[0m (0.1.0)
  - [32mexpo-updates-interface[0m (56.0.2)
  - [33m[📦][0m [32mexpo-dom-webview[0m (56.0.5)
  - [33m[📦][0m [32mexpo-ui[0m (56.0.18)
  - [33m[📦][0m [32mexpo-application[0m (56.0.3)
  - [33m[📦][0m [32mexpo-asset[0m (56.0.17)
  - [33m[📦][0m [32mexpo-audio[0m (56.0.12)
  - [33m[📦][0m [32mexpo-file-system[0m (56.0.8)
  - [33m[📦][0m [32mexpo-font[0m (56.0.7)
  - [33m[📦][0m [32mexpo-image-loader[0m (56.0.3)
  - [33m[📦][0m [32mexpo-image-picker[0m (56.0.18)
  - [33m[📦][0m [32mexpo-keep-awake[0m (56.0.3)
  - [33m[📦][0m [32mexpo-linear-gradient[0m (56.0.4)
  - [33m[📦][0m [32mexpo-linking[0m (56.0.14)
  - [33m[📦][0m [32mexpo-location[0m (56.0.18)
  - [33m[📦][0m [32mexpo-notifications[0m (56.0.19)
  - [33m[📦][0m [32mexpo-router[0m (56.2.11)
  - [33m[📦][0m [32mexpo-sensors[0m (56.0.6)
  - [33m[📦][0m [32mexpo-speech[0m (56.0.3)
  - [33m[📦][0m [32mexpo-splash-screen[0m (56.0.10)
  - [33m[📦][0m [32mexpo-status-bar[0m (56.0.4)
  - [33m[📦][0m [32mexpo-system-ui[0m (56.0.5)
  - [33m[📦][0m [32mexpo-web-browser[0m (56.0.5)


> Configure project :react-native-firebase_app
:react-native-firebase_app package.json found at /Users/shin-woochoul/workspace/reactnative-starterkit/k-gganbu/node_modules/@react-native-firebase/app/package.json
:react-native-firebase_app:firebase.bom using default value: 34.10.0
:react-native-firebase_app:play.play-services-auth using default value: 21.5.0
:react-native-firebase_app package.json found at /Users/shin-woochoul/workspace/reactnative-starterkit/k-gganbu/node_modules/@react-native-firebase/app/package.json
:react-native-firebase_app:version set from package.json: 24.0.0 (24,0,0 - 24000000)
:react-native-firebase_app:android.compileSdk using custom value: 36
:react-native-firebase_app:android.targetSdk using custom value: 36
:react-native-firebase_app:android.minSdk using custom value: 24
:react-native-firebase_app:reactNativeAndroidDir /Users/shin-woochoul/workspace/reactnative-starterkit/k-gganbu/node_modules/react-native

> Configure project :react-native-firebase_auth
:react-native-firebase_auth package.json found at /Users/shin-woochoul/workspace/reactnative-starterkit/k-gganbu/node_modules/@react-native-firebase/auth/package.json
:react-native-firebase_app package.json found at /Users/shin-woochoul/workspace/reactnative-starterkit/k-gganbu/node_modules/@react-native-firebase/app/package.json
:react-native-firebase_auth:firebase.bom using default value: 34.10.0
:react-native-firebase_auth package.json found at /Users/shin-woochoul/workspace/reactnative-starterkit/k-gganbu/node_modules/@react-native-firebase/auth/package.json
:react-native-firebase_auth:version set from package.json: 24.0.0 (24,0,0 - 24000000)
:react-native-firebase_auth:android.compileSdk using custom value: 36
:react-native-firebase_auth:android.targetSdk using custom value: 36
:react-native-firebase_auth:android.minSdk using custom value: 24
:react-native-firebase_auth:reactNativeAndroidDir /Users/shin-woochoul/workspace/reactnative-starterkit/k-gganbu/node_modules/react-native

> Configure project :react-native-firebase_messaging
:react-native-firebase_messaging package.json found at /Users/shin-woochoul/workspace/reactnative-starterkit/k-gganbu/node_modules/@react-native-firebase/messaging/package.json
:react-native-firebase_app package.json found at /Users/shin-woochoul/workspace/reactnative-starterkit/k-gganbu/node_modules/@react-native-firebase/app/package.json
ReactNativeFirebase WARNING: NPM package '@react-native-firebase/messaging' depends on '@react-native-firebase/app' v24.1.1 but found v24.0.0, this might cause build issues or runtime crashes.
:react-native-firebase_messaging:firebase.bom using default value: 34.10.0
:react-native-firebase_messaging package.json found at /Users/shin-woochoul/workspace/reactnative-starterkit/k-gganbu/node_modules/@react-native-firebase/messaging/package.json
:react-native-firebase_messaging:version set from package.json: 24.1.1 (24,1,1 - 24001001)
:react-native-firebase_messaging:android.compileSdk using custom value: 36
:react-native-firebase_messaging:android.targetSdk using custom value: 36
:react-native-firebase_messaging:android.minSdk using custom value: 24
:react-native-firebase_messaging:reactNativeAndroidDir /Users/shin-woochoul/workspace/reactnative-starterkit/k-gganbu/node_modules/react-native

> Configure project :react-native-mmkv
[NitroModules] 🔥 NitroMmkv is boosted by nitro!

> Configure project :react-native-nitro-modules
[NitroModules] 🔥 Your app is boosted by nitro modules!

> Task :expo:generatePackagesList UP-TO-DATE
> Task :expo-dev-launcher:preBuild UP-TO-DATE
> Task :expo-dev-menu:preBuild UP-TO-DATE
> Task :expo-json-utils:preBuild UP-TO-DATE
> Task :app:generateAutolinkingNewArchitectureFiles UP-TO-DATE
> Task :expo-dev-menu-interface:preBuild UP-TO-DATE
> Task :expo:preBuild UP-TO-DATE
> Task :expo-dev-client:preBuild UP-TO-DATE
> Task :expo-manifests:preBuild UP-TO-DATE
> Task :expo-log-box:preBuild UP-TO-DATE
> Task :expo-speaker-route:preBuild UP-TO-DATE
> Task :app:generateAutolinkingPackageList UP-TO-DATE
> Task :expo-modules-core:preBuild UP-TO-DATE
> Task :expo-updates-interface:preBuild UP-TO-DATE
> Task :livekit_react-native:preBuild UP-TO-DATE
> Task :livekit_react-native-webrtc:preBuild UP-TO-DATE
> Task :livekit-react-native-expo-plugin:preBuild UP-TO-DATE
> Task :app:generateCodegenSchemaFromJavaScript SKIPPED
> Task :react-native-firebase_auth:preBuild UP-TO-DATE
> Task :react-native-firebase_messaging:preBuild UP-TO-DATE
> Task :react-native-audio-api:assertMinimalReactNativeVersionTask SKIPPED
> Task :react-native-firebase_app:preBuild UP-TO-DATE
> Task :react-native-masked-view_masked-view:preBuild UP-TO-DATE
> Task :react-native-maps:generateCodegenSchemaFromJavaScript SKIPPED
> Task :app:generateCodegenArtifactsFromSchema SKIPPED
> Task :react-native-maps:generateCodegenArtifactsFromSchema SKIPPED
> Task :react-native-maps:preBuild UP-TO-DATE
> Task :app:generateReactNativeEntryPoint UP-TO-DATE
> Task :react-native-community_slider:generateCodegenSchemaFromJavaScript UP-TO-DATE
> Task :react-native-gesture-handler:generateCodegenSchemaFromJavaScript UP-TO-DATE
> Task :react-native-safe-area-context:generateCodegenSchemaFromJavaScript UP-TO-DATE
> Task :react-native-nitro-modules:generateCodegenSchemaFromJavaScript UP-TO-DATE
> Task :react-native-community_slider:generateCodegenArtifactsFromSchema UP-TO-DATE
> Task :react-native-gesture-handler:generateCodegenArtifactsFromSchema UP-TO-DATE
> Task :react-native-safe-area-context:generateCodegenArtifactsFromSchema UP-TO-DATE
> Task :react-native-nitro-modules:generateCodegenArtifactsFromSchema UP-TO-DATE
> Task :react-native-community_slider:preBuild UP-TO-DATE
> Task :react-native-gesture-handler:preBuild UP-TO-DATE
> Task :react-native-safe-area-context:preBuild UP-TO-DATE
> Task :react-native-svg:generateCodegenSchemaFromJavaScript UP-TO-DATE
> Task :react-native-webview:generateCodegenSchemaFromJavaScript UP-TO-DATE
> Task :react-native-screens:generateCodegenSchemaFromJavaScript UP-TO-DATE
> Task :react-native-webview:generateCodegenArtifactsFromSchema UP-TO-DATE
> Task :react-native-webview:preBuild UP-TO-DATE
> Task :react-native-svg:generateCodegenArtifactsFromSchema UP-TO-DATE
> Task :react-native-svg:preBuild UP-TO-DATE
> Task :expo:preReleaseBuild UP-TO-DATE
> Task :expo:mergeReleaseJniLibFolders UP-TO-DATE
> Task :expo:mergeReleaseNativeLibs NO-SOURCE
> Task :expo:copyReleaseJniLibsProjectOnly UP-TO-DATE
> Task :expo-dev-client:preReleaseBuild UP-TO-DATE
> Task :react-native-screens:generateCodegenArtifactsFromSchema UP-TO-DATE
> Task :react-native-screens:preBuild UP-TO-DATE
> Task :expo-dev-launcher:preReleaseBuild UP-TO-DATE
> Task :expo-dev-launcher:mergeReleaseJniLibFolders UP-TO-DATE
> Task :expo-dev-client:mergeReleaseJniLibFolders UP-TO-DATE
> Task :expo-dev-launcher:mergeReleaseNativeLibs NO-SOURCE
> Task :expo-dev-launcher:copyReleaseJniLibsProjectOnly UP-TO-DATE
> Task :expo-dev-menu:preReleaseBuild UP-TO-DATE
> Task :expo-dev-client:mergeReleaseNativeLibs NO-SOURCE
> Task :expo-dev-menu:mergeReleaseJniLibFolders UP-TO-DATE
> Task :expo-dev-menu:mergeReleaseNativeLibs NO-SOURCE
> Task :expo-dev-menu:copyReleaseJniLibsProjectOnly UP-TO-DATE
> Task :expo-dev-menu-interface:preReleaseBuild UP-TO-DATE
> Task :expo-dev-client:copyReleaseJniLibsProjectOnly UP-TO-DATE
> Task :expo-json-utils:preReleaseBuild UP-TO-DATE
> Task :expo-dev-menu-interface:mergeReleaseJniLibFolders UP-TO-DATE
> Task :expo-dev-menu-interface:mergeReleaseNativeLibs NO-SOURCE
> Task :expo-json-utils:mergeReleaseJniLibFolders UP-TO-DATE
> Task :expo-json-utils:mergeReleaseNativeLibs NO-SOURCE
> Task :expo-dev-menu-interface:copyReleaseJniLibsProjectOnly UP-TO-DATE
> Task :expo-log-box:preReleaseBuild UP-TO-DATE
> Task :expo-json-utils:copyReleaseJniLibsProjectOnly UP-TO-DATE
> Task :expo-manifests:preReleaseBuild UP-TO-DATE
> Task :expo-log-box:mergeReleaseJniLibFolders UP-TO-DATE
> Task :expo-log-box:mergeReleaseNativeLibs NO-SOURCE
> Task :expo-manifests:mergeReleaseJniLibFolders UP-TO-DATE
> Task :expo-log-box:copyReleaseJniLibsProjectOnly UP-TO-DATE
> Task :expo-modules-core:preReleaseBuild UP-TO-DATE
> Task :expo-manifests:mergeReleaseNativeLibs NO-SOURCE
> Task :expo-modules-core:mergeReleaseJniLibFolders UP-TO-DATE
> Task :expo-speaker-route:preReleaseBuild UP-TO-DATE
> Task :expo-manifests:copyReleaseJniLibsProjectOnly UP-TO-DATE
> Task :expo-speaker-route:mergeReleaseJniLibFolders UP-TO-DATE
> Task :expo-updates-interface:preReleaseBuild UP-TO-DATE
> Task :expo-speaker-route:mergeReleaseNativeLibs NO-SOURCE
> Task :expo-speaker-route:copyReleaseJniLibsProjectOnly UP-TO-DATE
> Task :livekit-react-native-expo-plugin:preReleaseBuild UP-TO-DATE
> Task :expo-updates-interface:mergeReleaseJniLibFolders UP-TO-DATE
> Task :expo-updates-interface:mergeReleaseNativeLibs NO-SOURCE
> Task :livekit-react-native-expo-plugin:mergeReleaseJniLibFolders UP-TO-DATE
> Task :livekit-react-native-expo-plugin:mergeReleaseNativeLibs NO-SOURCE
> Task :expo-updates-interface:copyReleaseJniLibsProjectOnly UP-TO-DATE
> Task :livekit_react-native:preReleaseBuild UP-TO-DATE
> Task :livekit-react-native-expo-plugin:copyReleaseJniLibsProjectOnly UP-TO-DATE
> Task :livekit_react-native:mergeReleaseJniLibFolders UP-TO-DATE
> Task :livekit_react-native-webrtc:preReleaseBuild UP-TO-DATE
> Task :livekit_react-native:mergeReleaseNativeLibs NO-SOURCE
> Task :livekit_react-native:copyReleaseJniLibsProjectOnly UP-TO-DATE
> Task :react-native-community_slider:preReleaseBuild UP-TO-DATE
> Task :react-native-community_slider:mergeReleaseJniLibFolders UP-TO-DATE
> Task :livekit_react-native-webrtc:mergeReleaseJniLibFolders UP-TO-DATE
> Task :react-native-community_slider:mergeReleaseNativeLibs NO-SOURCE
> Task :react-native-community_slider:copyReleaseJniLibsProjectOnly UP-TO-DATE
> Task :react-native-firebase_app:preReleaseBuild UP-TO-DATE
> Task :livekit_react-native-webrtc:mergeReleaseNativeLibs NO-SOURCE
> Task :react-native-firebase_app:mergeReleaseJniLibFolders UP-TO-DATE
> Task :livekit_react-native-webrtc:copyReleaseJniLibsProjectOnly UP-TO-DATE
> Task :react-native-firebase_auth:preReleaseBuild UP-TO-DATE
> Task :react-native-firebase_app:mergeReleaseNativeLibs NO-SOURCE
> Task :react-native-firebase_auth:mergeReleaseJniLibFolders UP-TO-DATE
> Task :react-native-firebase_app:copyReleaseJniLibsProjectOnly UP-TO-DATE
> Task :react-native-firebase_messaging:preReleaseBuild UP-TO-DATE
> Task :react-native-firebase_auth:mergeReleaseNativeLibs NO-SOURCE
> Task :react-native-firebase_auth:copyReleaseJniLibsProjectOnly UP-TO-DATE
> Task :react-native-gesture-handler:preReleaseBuild UP-TO-DATE
> Task :react-native-firebase_messaging:mergeReleaseJniLibFolders UP-TO-DATE
> Task :react-native-gesture-handler:mergeReleaseJniLibFolders UP-TO-DATE
> Task :react-native-maps:preReleaseBuild UP-TO-DATE
> Task :react-native-firebase_messaging:mergeReleaseNativeLibs NO-SOURCE
> Task :react-native-firebase_messaging:copyReleaseJniLibsProjectOnly UP-TO-DATE
> Task :react-native-masked-view_masked-view:preReleaseBuild UP-TO-DATE
> Task :react-native-maps:mergeReleaseJniLibFolders UP-TO-DATE
> Task :react-native-masked-view_masked-view:mergeReleaseJniLibFolders UP-TO-DATE
> Task :react-native-maps:mergeReleaseNativeLibs NO-SOURCE
> Task :react-native-maps:copyReleaseJniLibsProjectOnly UP-TO-DATE
> Task :react-native-masked-view_masked-view:mergeReleaseNativeLibs NO-SOURCE
> Task :react-native-safe-area-context:preReleaseBuild UP-TO-DATE
> Task :react-native-safe-area-context:mergeReleaseJniLibFolders UP-TO-DATE
> Task :react-native-safe-area-context:mergeReleaseNativeLibs NO-SOURCE
> Task :react-native-safe-area-context:copyReleaseJniLibsProjectOnly UP-TO-DATE
> Task :react-native-screens:preReleaseBuild UP-TO-DATE
> Task :react-native-screens:configureCMakeRelWithDebInfo[arm64-v8a]
> Task :react-native-mmkv:generateCodegenSchemaFromJavaScript UP-TO-DATE
> Task :react-native-masked-view_masked-view:copyReleaseJniLibsProjectOnly UP-TO-DATE
> Task :react-native-svg:preReleaseBuild UP-TO-DATE
> Task :react-native-mmkv:generateCodegenArtifactsFromSchema UP-TO-DATE
> Task :react-native-mmkv:preBuild UP-TO-DATE
> Task :react-native-mmkv:preReleaseBuild UP-TO-DATE
> Task :react-native-svg:mergeReleaseJniLibFolders UP-TO-DATE
> Task :react-native-svg:mergeReleaseNativeLibs NO-SOURCE
> Task :react-native-mmkv:mergeReleaseJniLibFolders UP-TO-DATE
> Task :react-native-svg:copyReleaseJniLibsProjectOnly UP-TO-DATE
> Task :react-native-webview:preReleaseBuild UP-TO-DATE
> Task :expo:checkKotlinGradlePluginConfigurationErrors SKIPPED
> Task :expo:generateReleaseBuildConfig UP-TO-DATE
> Task :react-native-webview:mergeReleaseJniLibFolders UP-TO-DATE
> Task :expo:generateReleaseResValues UP-TO-DATE
> Task :react-native-webview:mergeReleaseNativeLibs NO-SOURCE
> Task :expo:generateReleaseResources UP-TO-DATE
> Task :react-native-webview:copyReleaseJniLibsProjectOnly UP-TO-DATE
> Task :expo-modules-core:checkKotlinGradlePluginConfigurationErrors SKIPPED
> Task :expo-modules-core:generateReleaseBuildConfig UP-TO-DATE
> Task :expo:packageReleaseResources UP-TO-DATE
> Task :expo-modules-core:generateReleaseResValues UP-TO-DATE
> Task :expo-modules-core:generateReleaseResources UP-TO-DATE
> Task :expo:parseReleaseLocalResources UP-TO-DATE
> Task :expo:generateReleaseRFile UP-TO-DATE
> Task :expo-dev-client:checkKotlinGradlePluginConfigurationErrors SKIPPED
> Task :react-native-nitro-modules:prepareHeaders UP-TO-DATE
> Task :react-native-nitro-modules:preBuild UP-TO-DATE
> Task :react-native-nitro-modules:preReleaseBuild UP-TO-DATE
> Task :expo-dev-client:dataBindingMergeDependencyArtifactsRelease UP-TO-DATE
> Task :expo-modules-core:packageReleaseResources UP-TO-DATE
> Task :expo-dev-client:generateReleaseResValues UP-TO-DATE
> Task :expo-dev-client:generateReleaseResources UP-TO-DATE
> Task :expo-modules-core:parseReleaseLocalResources UP-TO-DATE
> Task :expo-modules-core:generateReleaseRFile UP-TO-DATE
> Task :expo-dev-client:packageReleaseResources UP-TO-DATE
> Task :expo-modules-core:javaPreCompileRelease UP-TO-DATE
> Task :expo-dev-launcher:checkKotlinGradlePluginConfigurationErrors SKIPPED
> Task :expo-dev-client:parseReleaseLocalResources UP-TO-DATE
> Task :expo-dev-client:dataBindingGenBaseClassesRelease UP-TO-DATE
> Task :expo-dev-client:generateReleaseBuildConfig UP-TO-DATE
> Task :expo-dev-client:generateReleaseRFile UP-TO-DATE
> Task :expo-dev-client:javaPreCompileRelease UP-TO-DATE
> Task :expo-dev-menu:checkKotlinGradlePluginConfigurationErrors SKIPPED
> Task :expo-dev-launcher:dataBindingMergeDependencyArtifactsRelease UP-TO-DATE
> Task :expo-dev-launcher:generateReleaseResValues UP-TO-DATE
> Task :expo-dev-menu:generateReleaseBuildConfig UP-TO-DATE
> Task :expo-dev-launcher:generateReleaseResources UP-TO-DATE
> Task :expo-dev-menu:generateReleaseResValues UP-TO-DATE
> Task :expo-dev-menu:generateReleaseResources UP-TO-DATE
> Task :expo-dev-launcher:packageReleaseResources UP-TO-DATE
> Task :expo-dev-menu:packageReleaseResources UP-TO-DATE
> Task :expo-dev-launcher:parseReleaseLocalResources UP-TO-DATE
> Task :expo-dev-menu:parseReleaseLocalResources UP-TO-DATE
> Task :react-native-nitro-modules:configureCMakeRelWithDebInfo[arm64-v8a]
> Task :react-native-screens:buildCMakeRelWithDebInfo[arm64-v8a]
> Task :expo-dev-menu:generateReleaseRFile UP-TO-DATE
> Task :expo-dev-menu:javaPreCompileRelease UP-TO-DATE
> Task :expo-dev-menu-interface:checkKotlinGradlePluginConfigurationErrors SKIPPED
> Task :expo-dev-menu-interface:generateReleaseBuildConfig UP-TO-DATE
> Task :expo-dev-launcher:dataBindingGenBaseClassesRelease UP-TO-DATE
> Task :expo-dev-menu-interface:generateReleaseResValues UP-TO-DATE
> Task :expo-dev-launcher:generateReleaseBuildConfig UP-TO-DATE
> Task :expo-dev-menu-interface:generateReleaseResources UP-TO-DATE
> Task :expo-dev-launcher:generateReleaseRFile UP-TO-DATE
> Task :expo-dev-launcher:javaPreCompileRelease UP-TO-DATE
> Task :expo-json-utils:checkKotlinGradlePluginConfigurationErrors SKIPPED
> Task :expo-json-utils:generateReleaseBuildConfig UP-TO-DATE
> Task :expo-json-utils:generateReleaseResValues UP-TO-DATE
> Task :expo-json-utils:generateReleaseResources UP-TO-DATE
> Task :expo-dev-menu-interface:packageReleaseResources UP-TO-DATE
> Task :expo-dev-menu-interface:parseReleaseLocalResources UP-TO-DATE
> Task :expo-json-utils:packageReleaseResources UP-TO-DATE
> Task :expo-dev-menu-interface:generateReleaseRFile UP-TO-DATE
> Task :react-native-reanimated:assertMinimalReactNativeVersionTask
> Task :react-native-reanimated:assertNewArchitectureEnabledTask SKIPPED
> Task :expo-json-utils:parseReleaseLocalResources UP-TO-DATE
> Task :expo-dev-menu-interface:javaPreCompileRelease UP-TO-DATE
> Task :expo-json-utils:generateReleaseRFile UP-TO-DATE
> Task :expo-json-utils:javaPreCompileRelease UP-TO-DATE
> Task :expo-log-box:checkKotlinGradlePluginConfigurationErrors SKIPPED
> Task :expo-log-box:generateReleaseBuildConfig UP-TO-DATE
> Task :expo-log-box:generateReleaseResValues UP-TO-DATE
> Task :expo-log-box:generateReleaseResources UP-TO-DATE
> Task :expo-manifests:checkKotlinGradlePluginConfigurationErrors SKIPPED
> Task :expo-manifests:generateReleaseBuildConfig UP-TO-DATE
> Task :expo-manifests:generateReleaseResValues UP-TO-DATE
> Task :expo-log-box:packageReleaseResources UP-TO-DATE
> Task :react-native-screens:configureCMakeRelWithDebInfo[armeabi-v7a]
> Task :expo-manifests:generateReleaseResources UP-TO-DATE
> Task :expo-log-box:parseReleaseLocalResources UP-TO-DATE
> Task :expo-manifests:packageReleaseResources UP-TO-DATE
> Task :expo-log-box:generateReleaseRFile UP-TO-DATE
> Task :expo-log-box:javaPreCompileRelease UP-TO-DATE
> Task :expo-speaker-route:checkKotlinGradlePluginConfigurationErrors SKIPPED
> Task :expo-manifests:parseReleaseLocalResources UP-TO-DATE
> Task :react-native-worklets:assertMinimalReactNativeVersionTask
> Task :expo-speaker-route:generateReleaseBuildConfig UP-TO-DATE
> Task :react-native-worklets:assertNewArchitectureEnabledTask SKIPPED
> Task :expo-speaker-route:generateReleaseResValues UP-TO-DATE
> Task :expo-speaker-route:generateReleaseResources UP-TO-DATE
> Task :react-native-worklets:generateCodegenSchemaFromJavaScript UP-TO-DATE
> Task :expo-manifests:generateReleaseRFile UP-TO-DATE
> Task :expo-manifests:javaPreCompileRelease UP-TO-DATE
> Task :expo-updates-interface:checkKotlinGradlePluginConfigurationErrors SKIPPED
> Task :expo-speaker-route:packageReleaseResources UP-TO-DATE
> Task :expo-updates-interface:generateReleaseBuildConfig UP-TO-DATE
> Task :expo-updates-interface:generateReleaseResValues UP-TO-DATE
> Task :expo-speaker-route:parseReleaseLocalResources UP-TO-DATE
> Task :expo-updates-interface:generateReleaseResources UP-TO-DATE
> Task :react-native-worklets:generateCodegenArtifactsFromSchema UP-TO-DATE
> Task :expo-speaker-route:generateReleaseRFile UP-TO-DATE
> Task :expo-speaker-route:javaPreCompileRelease UP-TO-DATE
> Task :livekit-react-native-expo-plugin:checkKotlinGradlePluginConfigurationErrors SKIPPED
> Task :livekit-react-native-expo-plugin:generateReleaseBuildConfig UP-TO-DATE
> Task :livekit-react-native-expo-plugin:generateReleaseResValues UP-TO-DATE
> Task :livekit-react-native-expo-plugin:generateReleaseResources UP-TO-DATE
> Task :react-native-worklets:prepareWorkletsHeadersForPrefabs UP-TO-DATE
> Task :react-native-worklets:preBuild
> Task :react-native-worklets:preReleaseBuild
> Task :expo-updates-interface:packageReleaseResources UP-TO-DATE
> Task :livekit-react-native-expo-plugin:packageReleaseResources UP-TO-DATE
> Task :expo-updates-interface:parseReleaseLocalResources UP-TO-DATE
> Task :react-native-nitro-modules:buildCMakeRelWithDebInfo[arm64-v8a]
> Task :livekit-react-native-expo-plugin:parseReleaseLocalResources UP-TO-DATE
> Task :expo-updates-interface:generateReleaseRFile UP-TO-DATE
> Task :expo-updates-interface:javaPreCompileRelease UP-TO-DATE
> Task :livekit_react-native:checkKotlinGradlePluginConfigurationErrors SKIPPED
> Task :livekit-react-native-expo-plugin:generateReleaseRFile UP-TO-DATE
> Task :livekit_react-native:generateReleaseBuildConfig UP-TO-DATE
> Task :livekit_react-native:generateReleaseResValues UP-TO-DATE
> Task :livekit_react-native-webrtc:generateReleaseBuildConfig UP-TO-DATE
> Task :livekit_react-native-webrtc:generateReleaseResValues UP-TO-DATE
> Task :livekit_react-native:generateReleaseResources UP-TO-DATE
> Task :livekit_react-native-webrtc:generateReleaseResources UP-TO-DATE
> Task :livekit_react-native:packageReleaseResources UP-TO-DATE
> Task :livekit_react-native:parseReleaseLocalResources UP-TO-DATE
> Task :react-native-nitro-modules:configureCMakeRelWithDebInfo[armeabi-v7a]
> Task :livekit_react-native-webrtc:packageReleaseResources UP-TO-DATE
> Task :react-native-worklets:configureCMakeRelWithDebInfo[arm64-v8a]
> Task :livekit_react-native-webrtc:parseReleaseLocalResources UP-TO-DATE
> Task :livekit_react-native:generateReleaseRFile UP-TO-DATE
> Task :livekit_react-native:javaPreCompileRelease UP-TO-DATE
> Task :livekit_react-native-webrtc:generateReleaseRFile UP-TO-DATE
> Task :livekit_react-native-webrtc:javaPreCompileRelease UP-TO-DATE
> Task :livekit-react-native-expo-plugin:javaPreCompileRelease UP-TO-DATE
> Task :expo:javaPreCompileRelease UP-TO-DATE
> Task :react-native-gesture-handler:checkKotlinGradlePluginConfigurationErrors SKIPPED
> Task :react-native-gesture-handler:generateReleaseBuildConfig UP-TO-DATE
> Task :react-native-gesture-handler:generateReleaseResValues UP-TO-DATE
> Task :react-native-gesture-handler:generateReleaseResources UP-TO-DATE
> Task :react-native-gesture-handler:packageReleaseResources UP-TO-DATE
> Task :react-native-gesture-handler:parseReleaseLocalResources UP-TO-DATE
> Task :react-native-gesture-handler:generateReleaseRFile UP-TO-DATE
> Task :react-native-svg:generateReleaseBuildConfig UP-TO-DATE
> Task :react-native-svg:generateReleaseResValues UP-TO-DATE
> Task :react-native-svg:generateReleaseResources UP-TO-DATE
> Task :react-native-svg:packageReleaseResources UP-TO-DATE
> Task :livekit_react-native-webrtc:compileReleaseJavaWithJavac UP-TO-DATE
> Task :livekit_react-native-webrtc:bundleLibCompileToJarRelease UP-TO-DATE
> Task :react-native-svg:parseReleaseLocalResources UP-TO-DATE
> Task :react-native-svg:generateReleaseRFile UP-TO-DATE
> Task :react-native-svg:javaPreCompileRelease UP-TO-DATE
> Task :react-native-screens:buildCMakeRelWithDebInfo[armeabi-v7a]
> Task :react-native-svg:compileReleaseJavaWithJavac UP-TO-DATE
> Task :react-native-screens:configureCMakeRelWithDebInfo[x86]
> Task :react-native-svg:bundleLibCompileToJarRelease UP-TO-DATE
> Task :react-native-gesture-handler:javaPreCompileRelease UP-TO-DATE
> Task :react-native-maps:checkKotlinGradlePluginConfigurationErrors SKIPPED
> Task :react-native-nitro-modules:buildCMakeRelWithDebInfo[armeabi-v7a]
> Task :react-native-maps:generateReleaseBuildConfig UP-TO-DATE
> Task :react-native-maps:generateReleaseResValues UP-TO-DATE
> Task :react-native-maps:generateReleaseResources UP-TO-DATE
> Task :react-native-maps:packageReleaseResources UP-TO-DATE
> Task :livekit_react-native:compileReleaseKotlin UP-TO-DATE
> Task :react-native-maps:parseReleaseLocalResources UP-TO-DATE
> Task :react-native-audio-api:downloadPrebuiltBinaries
> Task :react-native-reanimated:assertWorkletsVersionTask
> Task :react-native-audio-api:generateCodegenSchemaFromJavaScript UP-TO-DATE
> Task :react-native-maps:generateReleaseRFile UP-TO-DATE
> Task :react-native-nitro-modules:configureCMakeRelWithDebInfo[x86]
> Task :livekit_react-native:compileReleaseJavaWithJavac UP-TO-DATE
> Task :react-native-reanimated:generateCodegenSchemaFromJavaScript UP-TO-DATE
> Task :livekit_react-native:bundleLibCompileToJarRelease UP-TO-DATE
> Task :react-native-audio-api:generateCodegenArtifactsFromSchema UP-TO-DATE
> Task :react-native-audio-api:preBuild
> Task :react-native-audio-api:preReleaseBuild
> Task :livekit_react-native:bundleLibRuntimeToDirRelease UP-TO-DATE
> Task :react-native-reanimated:generateCodegenArtifactsFromSchema UP-TO-DATE
> Task :react-native-maps:compileReleaseKotlin NO-SOURCE
> Task :react-native-maps:javaPreCompileRelease UP-TO-DATE
> Task :react-native-audio-api:mergeReleaseJniLibFolders UP-TO-DATE
> Task :react-native-audio-api:checkKotlinGradlePluginConfigurationErrors SKIPPED
> Task :react-native-mmkv:checkKotlinGradlePluginConfigurationErrors SKIPPED
> Task :react-native-audio-api:generateReleaseBuildConfig UP-TO-DATE
> Task :react-native-audio-api:generateReleaseResValues UP-TO-DATE
> Task :react-native-screens:buildCMakeRelWithDebInfo[x86]
> Task :react-native-audio-api:generateReleaseResources UP-TO-DATE
> Task :react-native-maps:compileReleaseJavaWithJavac UP-TO-DATE
> Task :react-native-maps:bundleLibRuntimeToDirRelease UP-TO-DATE
> Task :react-native-mmkv:generateReleaseBuildConfig UP-TO-DATE
> Task :react-native-mmkv:generateReleaseResValues UP-TO-DATE
> Task :react-native-mmkv:generateReleaseResources UP-TO-DATE
> Task :react-native-screens:configureCMakeRelWithDebInfo[x86_64]
> Task :react-native-mmkv:packageReleaseResources UP-TO-DATE
> Task :react-native-mmkv:parseReleaseLocalResources UP-TO-DATE
> Task :react-native-nitro-modules:buildCMakeRelWithDebInfo[x86]
> Task :react-native-safe-area-context:checkKotlinGradlePluginConfigurationErrors SKIPPED
> Task :react-native-reanimated:prepareReanimatedHeadersForPrefabs UP-TO-DATE
> Task :react-native-reanimated:preBuild
> Task :react-native-reanimated:preReleaseBuild
> Task :react-native-safe-area-context:generateReleaseBuildConfig UP-TO-DATE
> Task :react-native-audio-api:packageReleaseResources UP-TO-DATE
> Task :react-native-safe-area-context:generateReleaseResValues UP-TO-DATE
> Task :react-native-reanimated:mergeReleaseJniLibFolders UP-TO-DATE
> Task :react-native-safe-area-context:generateReleaseResources UP-TO-DATE
> Task :react-native-reanimated:generateReleaseBuildConfig UP-TO-DATE
> Task :react-native-audio-api:parseReleaseLocalResources UP-TO-DATE
> Task :react-native-mmkv:generateReleaseRFile UP-TO-DATE
> Task :react-native-reanimated:generateReleaseResValues UP-TO-DATE
> Task :react-native-mmkv:javaPreCompileRelease UP-TO-DATE
> Task :react-native-webview:checkKotlinGradlePluginConfigurationErrors SKIPPED
> Task :react-native-audio-api:generateReleaseRFile UP-TO-DATE
> Task :react-native-reanimated:generateReleaseResources UP-TO-DATE
> Task :react-native-audio-api:javaPreCompileRelease UP-TO-DATE
> Task :react-native-webview:generateReleaseBuildConfig UP-TO-DATE
> Task :react-native-safe-area-context:packageReleaseResources UP-TO-DATE
> Task :react-native-webview:generateReleaseResValues UP-TO-DATE
> Task :react-native-safe-area-context:parseReleaseLocalResources UP-TO-DATE
> Task :react-native-webview:generateReleaseResources UP-TO-DATE
> Task :react-native-safe-area-context:generateReleaseRFile UP-TO-DATE
> Task :livekit_react-native-webrtc:bundleLibRuntimeToDirRelease UP-TO-DATE
> Task :react-native-reanimated:packageReleaseResources UP-TO-DATE
> Task :react-native-reanimated:parseReleaseLocalResources UP-TO-DATE
> Task :react-native-nitro-modules:configureCMakeRelWithDebInfo[x86_64]
> Task :react-native-webview:packageReleaseResources UP-TO-DATE
> Task :react-native-webview:parseReleaseLocalResources UP-TO-DATE
> Task :react-native-reanimated:generateReleaseRFile UP-TO-DATE
> Task :react-native-reanimated:javaPreCompileRelease UP-TO-DATE
> Task :react-native-webview:generateReleaseRFile UP-TO-DATE
> Task :react-native-community_slider:generateReleaseBuildConfig UP-TO-DATE
> Task :react-native-community_slider:generateReleaseResValues UP-TO-DATE
> Task :react-native-community_slider:generateReleaseResources UP-TO-DATE
> Task :react-native-firebase_app:generateReleaseBuildConfig UP-TO-DATE
> Task :react-native-firebase_app:generateReleaseResValues UP-TO-DATE
> Task :react-native-firebase_app:generateReleaseResources UP-TO-DATE
> Task :react-native-community_slider:packageReleaseResources UP-TO-DATE
> Task :react-native-firebase_app:packageReleaseResources UP-TO-DATE
> Task :react-native-community_slider:parseReleaseLocalResources UP-TO-DATE
> Task :react-native-firebase_app:parseReleaseLocalResources UP-TO-DATE
> Task :react-native-community_slider:generateReleaseRFile UP-TO-DATE
> Task :react-native-firebase_app:generateReleaseRFile UP-TO-DATE
> Task :react-native-firebase_app:javaPreCompileRelease UP-TO-DATE
> Task :react-native-community_slider:javaPreCompileRelease UP-TO-DATE
> Task :react-native-safe-area-context:compileReleaseKotlin UP-TO-DATE
> Task :react-native-safe-area-context:javaPreCompileRelease UP-TO-DATE
> Task :react-native-worklets:buildCMakeRelWithDebInfo[arm64-v8a][worklets]
> Task :react-native-safe-area-context:compileReleaseJavaWithJavac UP-TO-DATE
> Task :react-native-safe-area-context:bundleLibRuntimeToDirRelease UP-TO-DATE
> Task :react-native-screens:buildCMakeRelWithDebInfo[x86_64]
> Task :react-native-screens:mergeReleaseJniLibFolders UP-TO-DATE
> Task :react-native-firebase_auth:generateReleaseBuildConfig UP-TO-DATE
> Task :react-native-worklets:configureCMakeRelWithDebInfo[armeabi-v7a]
> Task :react-native-firebase_app:compileReleaseJavaWithJavac UP-TO-DATE
> Task :react-native-firebase_auth:generateReleaseResValues UP-TO-DATE
> Task :react-native-firebase_app:bundleLibCompileToJarRelease UP-TO-DATE
> Task :react-native-firebase_auth:generateReleaseResources UP-TO-DATE
> Task :react-native-firebase_messaging:generateReleaseBuildConfig UP-TO-DATE
> Task :react-native-screens:mergeReleaseNativeLibs UP-TO-DATE
> Task :react-native-firebase_messaging:generateReleaseResValues UP-TO-DATE
> Task :react-native-screens:copyReleaseJniLibsProjectOnly UP-TO-DATE
> Task :react-native-screens:checkKotlinGradlePluginConfigurationErrors SKIPPED
> Task :react-native-nitro-modules:buildCMakeRelWithDebInfo[x86_64]
> Task :react-native-firebase_messaging:generateReleaseResources UP-TO-DATE
> Task :react-native-firebase_auth:packageReleaseResources UP-TO-DATE
> Task :react-native-firebase_auth:parseReleaseLocalResources UP-TO-DATE
> Task :react-native-screens:generateReleaseBuildConfig UP-TO-DATE
> Task :react-native-screens:generateReleaseResValues UP-TO-DATE
> Task :react-native-firebase_auth:generateReleaseRFile UP-TO-DATE
> Task :react-native-firebase_auth:javaPreCompileRelease UP-TO-DATE
> Task :react-native-screens:generateReleaseResources UP-TO-DATE
> Task :react-native-firebase_messaging:packageReleaseResources UP-TO-DATE
> Task :react-native-firebase_messaging:parseReleaseLocalResources UP-TO-DATE
> Task :react-native-community_slider:compileReleaseJavaWithJavac UP-TO-DATE
> Task :react-native-firebase_messaging:generateReleaseRFile UP-TO-DATE
> Task :react-native-firebase_messaging:javaPreCompileRelease UP-TO-DATE
> Task :react-native-community_slider:bundleLibRuntimeToDirRelease UP-TO-DATE
> Task :react-native-screens:packageReleaseResources UP-TO-DATE
> Task :react-native-screens:parseReleaseLocalResources UP-TO-DATE
> Task :react-native-nitro-modules:externalNativeBuildRelease
> Task :react-native-nitro-modules:generateJsonModelRelease
> Task :react-native-screens:generateReleaseRFile UP-TO-DATE
> Task :react-native-firebase_app:bundleLibRuntimeToDirRelease UP-TO-DATE
> Task :react-native-webview:compileReleaseKotlin UP-TO-DATE
> Task :react-native-nitro-modules:prefabReleaseConfigurePackage
> Task :react-native-webview:javaPreCompileRelease UP-TO-DATE
> Task :react-native-firebase_auth:compileReleaseJavaWithJavac UP-TO-DATE
> Task :react-native-firebase_messaging:compileReleaseJavaWithJavac UP-TO-DATE
> Task :react-native-firebase_auth:bundleLibRuntimeToDirRelease UP-TO-DATE
> Task :react-native-nitro-modules:prefabReleasePackage UP-TO-DATE
> Task :react-native-firebase_messaging:bundleLibRuntimeToDirRelease UP-TO-DATE
> Task :react-native-nitro-modules:mergeReleaseJniLibFolders UP-TO-DATE
> Task :react-native-webview:compileReleaseJavaWithJavac UP-TO-DATE
> Task :react-native-nitro-modules:mergeReleaseNativeLibs UP-TO-DATE
> Task :react-native-nitro-modules:copyReleaseJniLibsProjectOnly UP-TO-DATE
> Task :react-native-nitro-modules:checkKotlinGradlePluginConfigurationErrors SKIPPED
> Task :react-native-webview:bundleLibRuntimeToDirRelease UP-TO-DATE
> Task :react-native-nitro-modules:generateReleaseBuildConfig UP-TO-DATE
> Task :react-native-nitro-modules:generateReleaseResValues UP-TO-DATE
> Task :react-native-nitro-modules:generateReleaseResources UP-TO-DATE
> Task :react-native-svg:bundleLibRuntimeToDirRelease UP-TO-DATE
> Task :react-native-nitro-modules:packageReleaseResources UP-TO-DATE
> Task :react-native-nitro-modules:parseReleaseLocalResources UP-TO-DATE
> Task :react-native-masked-view_masked-view:generateReleaseBuildConfig UP-TO-DATE
> Task :react-native-masked-view_masked-view:generateReleaseResValues UP-TO-DATE
> Task :react-native-nitro-modules:generateReleaseRFile UP-TO-DATE
> Task :app:buildKotlinToolingMetadata UP-TO-DATE
> Task :app:checkKotlinGradlePluginConfigurationErrors SKIPPED
> Task :expo:writeReleaseAarMetadata UP-TO-DATE
> Task :react-native-masked-view_masked-view:generateReleaseResources UP-TO-DATE
> Task :expo-dev-client:writeReleaseAarMetadata UP-TO-DATE
> Task :expo-dev-launcher:writeReleaseAarMetadata UP-TO-DATE
> Task :expo-dev-menu:writeReleaseAarMetadata UP-TO-DATE
> Task :expo-dev-menu-interface:writeReleaseAarMetadata UP-TO-DATE
> Task :expo-json-utils:writeReleaseAarMetadata UP-TO-DATE
> Task :expo-log-box:writeReleaseAarMetadata UP-TO-DATE
> Task :expo-manifests:writeReleaseAarMetadata UP-TO-DATE
> Task :expo-modules-core:writeReleaseAarMetadata UP-TO-DATE
> Task :expo-speaker-route:writeReleaseAarMetadata UP-TO-DATE
> Task :expo-updates-interface:writeReleaseAarMetadata UP-TO-DATE
> Task :livekit-react-native-expo-plugin:writeReleaseAarMetadata UP-TO-DATE
> Task :livekit_react-native:writeReleaseAarMetadata UP-TO-DATE
> Task :livekit_react-native-webrtc:writeReleaseAarMetadata UP-TO-DATE
> Task :react-native-community_slider:writeReleaseAarMetadata UP-TO-DATE
> Task :react-native-audio-api:writeReleaseAarMetadata UP-TO-DATE
> Task :react-native-firebase_app:writeReleaseAarMetadata UP-TO-DATE
> Task :react-native-firebase_auth:writeReleaseAarMetadata UP-TO-DATE
> Task :react-native-firebase_messaging:writeReleaseAarMetadata UP-TO-DATE
> Task :react-native-gesture-handler:writeReleaseAarMetadata UP-TO-DATE
> Task :react-native-maps:writeReleaseAarMetadata UP-TO-DATE
> Task :react-native-reanimated:writeReleaseAarMetadata UP-TO-DATE
> Task :react-native-safe-area-context:writeReleaseAarMetadata UP-TO-DATE
> Task :react-native-webview:writeReleaseAarMetadata UP-TO-DATE
> Task :react-native-svg:writeReleaseAarMetadata UP-TO-DATE
> Task :expo:extractDeepLinksRelease UP-TO-DATE
> Task :react-native-masked-view_masked-view:packageReleaseResources UP-TO-DATE
> Task :expo:processReleaseManifest UP-TO-DATE
> Task :react-native-masked-view_masked-view:parseReleaseLocalResources UP-TO-DATE
> Task :expo-dev-client:extractDeepLinksRelease UP-TO-DATE
> Task :expo-dev-client:processReleaseManifest UP-TO-DATE
> Task :expo-dev-launcher:extractDeepLinksRelease UP-TO-DATE
> Task :react-native-masked-view_masked-view:generateReleaseRFile UP-TO-DATE
> Task :react-native-masked-view_masked-view:javaPreCompileRelease UP-TO-DATE
> Task :expo-dev-launcher:processReleaseManifest UP-TO-DATE
> Task :react-native-mmkv:configureCMakeRelWithDebInfo[arm64-v8a]
> Task :expo-dev-menu:extractDeepLinksRelease UP-TO-DATE
> Task :expo-dev-menu:processReleaseManifest UP-TO-DATE
> Task :expo-dev-menu-interface:extractDeepLinksRelease UP-TO-DATE
> Task :react-native-masked-view_masked-view:compileReleaseJavaWithJavac UP-TO-DATE
> Task :react-native-masked-view_masked-view:bundleLibRuntimeToDirRelease UP-TO-DATE
> Task :expo-dev-menu-interface:processReleaseManifest UP-TO-DATE
> Task :react-native-masked-view_masked-view:writeReleaseAarMetadata UP-TO-DATE
> Task :expo-json-utils:extractDeepLinksRelease UP-TO-DATE
> Task :expo-json-utils:processReleaseManifest UP-TO-DATE
> Task :expo-manifests:extractDeepLinksRelease UP-TO-DATE
> Task :expo-log-box:extractDeepLinksRelease UP-TO-DATE
> Task :react-native-nitro-modules:compileReleaseKotlin UP-TO-DATE
> Task :react-native-nitro-modules:javaPreCompileRelease UP-TO-DATE
> Task :react-native-nitro-modules:compileReleaseJavaWithJavac UP-TO-DATE
> Task :react-native-nitro-modules:bundleLibCompileToJarRelease UP-TO-DATE
> Task :react-native-nitro-modules:bundleLibRuntimeToDirRelease UP-TO-DATE
> Task :react-native-screens:compileReleaseKotlin UP-TO-DATE
> Task :react-native-screens:javaPreCompileRelease UP-TO-DATE
> Task :react-native-nitro-modules:writeReleaseAarMetadata UP-TO-DATE
> Task :expo-modules-core:extractDeepLinksRelease UP-TO-DATE
> Task :expo-modules-core:processReleaseManifest UP-TO-DATE
> Task :expo-speaker-route:extractDeepLinksRelease UP-TO-DATE
> Task :react-native-screens:compileReleaseJavaWithJavac UP-TO-DATE
> Task :expo-speaker-route:processReleaseManifest UP-TO-DATE
> Task :expo-updates-interface:extractDeepLinksRelease UP-TO-DATE
> Task :expo-updates-interface:processReleaseManifest UP-TO-DATE
> Task :livekit-react-native-expo-plugin:extractDeepLinksRelease UP-TO-DATE
> Task :react-native-worklets:buildCMakeRelWithDebInfo[armeabi-v7a][worklets]
> Task :react-native-worklets:configureCMakeRelWithDebInfo[x86]
> Task :react-native-screens:bundleLibRuntimeToDirRelease UP-TO-DATE
> Task :livekit-react-native-expo-plugin:processReleaseManifest UP-TO-DATE
> Task :react-native-screens:writeReleaseAarMetadata UP-TO-DATE
> Task :livekit_react-native:extractDeepLinksRelease UP-TO-DATE
> Task :react-native-mmkv:buildCMakeRelWithDebInfo[arm64-v8a]
> Task :livekit_react-native:processReleaseManifest UP-TO-DATE
> Task :react-native-audio-api:extractDeepLinksRelease UP-TO-DATE
> Task :livekit_react-native-webrtc:extractDeepLinksRelease UP-TO-DATE
> Task :react-native-audio-api:processReleaseManifest UP-TO-DATE
> Task :react-native-community_slider:extractDeepLinksRelease UP-TO-DATE
> Task :livekit_react-native-webrtc:processReleaseManifest UP-TO-DATE
> Task :react-native-community_slider:processReleaseManifest UP-TO-DATE
> Task :react-native-firebase_auth:extractDeepLinksRelease UP-TO-DATE
> Task :react-native-firebase_app:extractDeepLinksRelease UP-TO-DATE
> Task :react-native-firebase_auth:processReleaseManifest UP-TO-DATE
> Task :react-native-mmkv:configureCMakeRelWithDebInfo[armeabi-v7a]
> Task :react-native-firebase_messaging:extractDeepLinksRelease UP-TO-DATE
> Task :react-native-firebase_messaging:processReleaseManifest UP-TO-DATE
> Task :react-native-gesture-handler:extractDeepLinksRelease UP-TO-DATE
> Task :react-native-gesture-handler:processReleaseManifest UP-TO-DATE
> Task :react-native-maps:extractDeepLinksRelease UP-TO-DATE
> Task :react-native-maps:processReleaseManifest UP-TO-DATE
> Task :react-native-masked-view_masked-view:extractDeepLinksRelease UP-TO-DATE
> Task :react-native-masked-view_masked-view:processReleaseManifest UP-TO-DATE
> Task :react-native-nitro-modules:extractDeepLinksRelease UP-TO-DATE
> Task :react-native-firebase_app:processReleaseManifest UP-TO-DATE
> Task :react-native-nitro-modules:processReleaseManifest UP-TO-DATE
> Task :react-native-reanimated:extractDeepLinksRelease UP-TO-DATE
> Task :react-native-safe-area-context:extractDeepLinksRelease UP-TO-DATE
> Task :expo-log-box:processReleaseManifest UP-TO-DATE
> Task :react-native-reanimated:processReleaseManifest UP-TO-DATE
> Task :react-native-svg:extractDeepLinksRelease UP-TO-DATE
> Task :react-native-screens:extractDeepLinksRelease UP-TO-DATE
> Task :react-native-safe-area-context:processReleaseManifest UP-TO-DATE
> Task :react-native-svg:processReleaseManifest UP-TO-DATE
> Task :react-native-webview:extractDeepLinksRelease UP-TO-DATE
> Task :react-native-screens:processReleaseManifest UP-TO-DATE
> Task :expo-dev-client:compileReleaseLibraryResources UP-TO-DATE
> Task :expo:compileReleaseLibraryResources UP-TO-DATE
> Task :react-native-webview:processReleaseManifest UP-TO-DATE
> Task :expo-dev-menu-interface:compileReleaseLibraryResources UP-TO-DATE
> Task :expo-dev-launcher:compileReleaseLibraryResources UP-TO-DATE
> Task :expo-dev-menu:compileReleaseLibraryResources UP-TO-DATE
> Task :expo-log-box:compileReleaseLibraryResources UP-TO-DATE
> Task :expo-modules-core:compileReleaseLibraryResources UP-TO-DATE
> Task :expo-json-utils:compileReleaseLibraryResources UP-TO-DATE
> Task :expo-speaker-route:compileReleaseLibraryResources UP-TO-DATE
> Task :expo-updates-interface:compileReleaseLibraryResources UP-TO-DATE
> Task :livekit_react-native:compileReleaseLibraryResources UP-TO-DATE
> Task :livekit_react-native-webrtc:compileReleaseLibraryResources UP-TO-DATE
> Task :livekit-react-native-expo-plugin:compileReleaseLibraryResources UP-TO-DATE
> Task :react-native-audio-api:compileReleaseLibraryResources UP-TO-DATE
> Task :react-native-community_slider:compileReleaseLibraryResources UP-TO-DATE
> Task :react-native-firebase_auth:compileReleaseLibraryResources UP-TO-DATE
> Task :react-native-firebase_messaging:compileReleaseLibraryResources UP-TO-DATE
> Task :react-native-maps:compileReleaseLibraryResources UP-TO-DATE
> Task :react-native-firebase_app:compileReleaseLibraryResources UP-TO-DATE
> Task :react-native-gesture-handler:compileReleaseLibraryResources UP-TO-DATE
> Task :react-native-masked-view_masked-view:compileReleaseLibraryResources UP-TO-DATE
> Task :react-native-nitro-modules:compileReleaseLibraryResources UP-TO-DATE
> Task :expo-manifests:processReleaseManifest UP-TO-DATE
> Task :react-native-reanimated:compileReleaseLibraryResources UP-TO-DATE
> Task :react-native-safe-area-context:compileReleaseLibraryResources UP-TO-DATE
> Task :expo-manifests:compileReleaseLibraryResources UP-TO-DATE
> Task :react-native-svg:compileReleaseLibraryResources UP-TO-DATE
> Task :react-native-firebase_auth:bundleLibCompileToJarRelease UP-TO-DATE
> Task :react-native-webview:compileReleaseLibraryResources UP-TO-DATE
> Task :react-native-screens:compileReleaseLibraryResources UP-TO-DATE
> Task :react-native-masked-view_masked-view:bundleLibCompileToJarRelease UP-TO-DATE
> Task :react-native-safe-area-context:bundleLibCompileToJarRelease UP-TO-DATE
> Task :react-native-firebase_messaging:bundleLibCompileToJarRelease UP-TO-DATE
> Task :react-native-maps:bundleLibCompileToJarRelease UP-TO-DATE
> Task :expo:prepareReleaseArtProfile UP-TO-DATE
> Task :react-native-webview:bundleLibCompileToJarRelease UP-TO-DATE
> Task :expo-dev-client:prepareReleaseArtProfile UP-TO-DATE
> Task :react-native-screens:bundleLibCompileToJarRelease UP-TO-DATE
> Task :expo-dev-launcher:prepareReleaseArtProfile UP-TO-DATE
> Task :expo-dev-menu:prepareReleaseArtProfile UP-TO-DATE
> Task :expo-json-utils:prepareReleaseArtProfile UP-TO-DATE
> Task :expo-dev-menu-interface:prepareReleaseArtProfile UP-TO-DATE
> Task :expo-log-box:prepareReleaseArtProfile UP-TO-DATE
> Task :expo-manifests:prepareReleaseArtProfile UP-TO-DATE
> Task :expo-modules-core:prepareReleaseArtProfile UP-TO-DATE
> Task :expo-speaker-route:prepareReleaseArtProfile UP-TO-DATE
> Task :expo-updates-interface:prepareReleaseArtProfile UP-TO-DATE
> Task :react-native-community_slider:bundleLibCompileToJarRelease UP-TO-DATE
> Task :livekit-react-native-expo-plugin:prepareReleaseArtProfile UP-TO-DATE
> Task :react-native-audio-api:prepareReleaseArtProfile UP-TO-DATE
> Task :react-native-community_slider:prepareReleaseArtProfile UP-TO-DATE
> Task :livekit_react-native-webrtc:prepareReleaseArtProfile UP-TO-DATE
> Task :react-native-firebase_messaging:prepareReleaseArtProfile UP-TO-DATE
> Task :react-native-gesture-handler:prepareReleaseArtProfile UP-TO-DATE
> Task :react-native-maps:prepareReleaseArtProfile UP-TO-DATE
> Task :react-native-firebase_auth:prepareReleaseArtProfile UP-TO-DATE
> Task :react-native-masked-view_masked-view:prepareReleaseArtProfile UP-TO-DATE
> Task :react-native-reanimated:prepareReleaseArtProfile UP-TO-DATE
> Task :react-native-safe-area-context:prepareReleaseArtProfile UP-TO-DATE
> Task :react-native-nitro-modules:prepareReleaseArtProfile UP-TO-DATE
> Task :livekit_react-native:prepareReleaseArtProfile UP-TO-DATE
> Task :react-native-firebase_app:prepareReleaseArtProfile UP-TO-DATE
> Task :react-native-svg:prepareReleaseArtProfile UP-TO-DATE
> Task :react-native-maps:bundleLibRuntimeToJarRelease UP-TO-DATE
> Task :react-native-screens:prepareReleaseArtProfile UP-TO-DATE
> Task :react-native-nitro-modules:bundleLibRuntimeToJarRelease UP-TO-DATE
> Task :livekit_react-native:bundleLibRuntimeToJarRelease UP-TO-DATE
> Task :react-native-safe-area-context:bundleLibRuntimeToJarRelease UP-TO-DATE
> Task :react-native-screens:bundleLibRuntimeToJarRelease UP-TO-DATE
> Task :livekit_react-native-webrtc:bundleLibRuntimeToJarRelease UP-TO-DATE
> Task :react-native-community_slider:bundleLibRuntimeToJarRelease UP-TO-DATE
> Task :react-native-firebase_auth:bundleLibRuntimeToJarRelease UP-TO-DATE
> Task :react-native-firebase_messaging:bundleLibRuntimeToJarRelease UP-TO-DATE
> Task :react-native-firebase_app:bundleLibRuntimeToJarRelease UP-TO-DATE
> Task :react-native-mmkv:buildCMakeRelWithDebInfo[armeabi-v7a]
> Task :react-native-svg:bundleLibRuntimeToJarRelease UP-TO-DATE
> Task :react-native-webview:prepareReleaseArtProfile UP-TO-DATE
> Task :react-native-webview:bundleLibRuntimeToJarRelease UP-TO-DATE
> Task :react-native-masked-view_masked-view:bundleLibRuntimeToJarRelease UP-TO-DATE
> Task :expo:mergeReleaseShaders UP-TO-DATE
> Task :expo:compileReleaseShaders NO-SOURCE
> Task :expo:generateReleaseAssets UP-TO-DATE
> Task :expo-dev-client:mergeReleaseShaders UP-TO-DATE
> Task :expo-dev-menu:mergeReleaseShaders UP-TO-DATE
> Task :expo-dev-client:compileReleaseShaders NO-SOURCE
> Task :expo-dev-launcher:mergeReleaseShaders UP-TO-DATE
> Task :expo-dev-client:generateReleaseAssets UP-TO-DATE
> Task :expo-dev-launcher:compileReleaseShaders NO-SOURCE
> Task :expo-dev-launcher:generateReleaseAssets UP-TO-DATE
> Task :expo:mergeReleaseAssets UP-TO-DATE
> Task :expo-dev-client:mergeReleaseAssets UP-TO-DATE
> Task :react-native-worklets:buildCMakeRelWithDebInfo[x86][worklets]
> Task :expo-dev-menu:compileReleaseShaders NO-SOURCE
> Task :expo-dev-menu:generateReleaseAssets UP-TO-DATE
> Task :expo-dev-launcher:mergeReleaseAssets UP-TO-DATE
> Task :expo-dev-menu-interface:mergeReleaseShaders UP-TO-DATE
> Task :expo-json-utils:mergeReleaseShaders UP-TO-DATE
> Task :expo-json-utils:compileReleaseShaders NO-SOURCE
> Task :expo-dev-menu:mergeReleaseAssets UP-TO-DATE
> Task :expo-json-utils:generateReleaseAssets UP-TO-DATE
> Task :expo-log-box:mergeReleaseShaders UP-TO-DATE
> Task :expo-dev-menu-interface:compileReleaseShaders NO-SOURCE
> Task :expo-log-box:compileReleaseShaders NO-SOURCE
> Task :expo-dev-menu-interface:generateReleaseAssets UP-TO-DATE
> Task :expo-log-box:generateReleaseAssets UP-TO-DATE
> Task :expo-manifests:mergeReleaseShaders UP-TO-DATE
> Task :expo-json-utils:mergeReleaseAssets UP-TO-DATE
> Task :expo-manifests:compileReleaseShaders NO-SOURCE
> Task :expo-modules-core:mergeReleaseShaders UP-TO-DATE
> Task :expo-manifests:generateReleaseAssets UP-TO-DATE
> Task :expo-dev-menu-interface:mergeReleaseAssets UP-TO-DATE
> Task :expo-log-box:mergeReleaseAssets UP-TO-DATE
> Task :expo-modules-core:compileReleaseShaders NO-SOURCE
> Task :expo-modules-core:generateReleaseAssets UP-TO-DATE
> Task :expo-speaker-route:mergeReleaseShaders UP-TO-DATE
> Task :expo-updates-interface:mergeReleaseShaders UP-TO-DATE
> Task :expo-speaker-route:compileReleaseShaders NO-SOURCE
> Task :expo-modules-core:mergeReleaseAssets UP-TO-DATE
> Task :expo-speaker-route:generateReleaseAssets UP-TO-DATE
> Task :expo-updates-interface:compileReleaseShaders NO-SOURCE
> Task :expo-updates-interface:generateReleaseAssets UP-TO-DATE
> Task :expo-manifests:mergeReleaseAssets UP-TO-DATE
> Task :livekit-react-native-expo-plugin:mergeReleaseShaders UP-TO-DATE
> Task :expo-speaker-route:mergeReleaseAssets UP-TO-DATE
> Task :livekit-react-native-expo-plugin:compileReleaseShaders NO-SOURCE
> Task :livekit-react-native-expo-plugin:generateReleaseAssets UP-TO-DATE
> Task :expo-updates-interface:mergeReleaseAssets UP-TO-DATE
> Task :livekit-react-native-expo-plugin:mergeReleaseAssets UP-TO-DATE
> Task :livekit_react-native-webrtc:mergeReleaseShaders UP-TO-DATE
> Task :livekit_react-native:mergeReleaseShaders UP-TO-DATE
> Task :react-native-audio-api:mergeReleaseShaders UP-TO-DATE
> Task :livekit_react-native:compileReleaseShaders NO-SOURCE
> Task :livekit_react-native-webrtc:compileReleaseShaders NO-SOURCE
> Task :react-native-audio-api:compileReleaseShaders NO-SOURCE
> Task :react-native-community_slider:mergeReleaseShaders UP-TO-DATE
> Task :livekit_react-native:generateReleaseAssets UP-TO-DATE
> Task :react-native-audio-api:generateReleaseAssets UP-TO-DATE
> Task :livekit_react-native-webrtc:generateReleaseAssets UP-TO-DATE
> Task :livekit_react-native-webrtc:mergeReleaseAssets UP-TO-DATE
> Task :react-native-community_slider:compileReleaseShaders NO-SOURCE
> Task :react-native-community_slider:generateReleaseAssets UP-TO-DATE
> Task :react-native-firebase_app:mergeReleaseShaders UP-TO-DATE
> Task :react-native-firebase_app:compileReleaseShaders NO-SOURCE
> Task :react-native-firebase_app:generateReleaseAssets UP-TO-DATE
> Task :react-native-audio-api:mergeReleaseAssets UP-TO-DATE
> Task :react-native-community_slider:mergeReleaseAssets UP-TO-DATE
> Task :livekit_react-native:mergeReleaseAssets UP-TO-DATE
> Task :react-native-mmkv:configureCMakeRelWithDebInfo[x86]
> Task :react-native-firebase_app:mergeReleaseAssets UP-TO-DATE
> Task :react-native-firebase_auth:mergeReleaseShaders UP-TO-DATE
> Task :react-native-firebase_messaging:mergeReleaseShaders UP-TO-DATE
> Task :react-native-firebase_auth:compileReleaseShaders NO-SOURCE
> Task :react-native-firebase_auth:generateReleaseAssets UP-TO-DATE
> Task :react-native-gesture-handler:mergeReleaseShaders UP-TO-DATE
> Task :react-native-maps:mergeReleaseShaders UP-TO-DATE
> Task :react-native-firebase_messaging:compileReleaseShaders NO-SOURCE
> Task :react-native-firebase_messaging:generateReleaseAssets UP-TO-DATE
> Task :react-native-gesture-handler:compileReleaseShaders NO-SOURCE
> Task :react-native-gesture-handler:generateReleaseAssets UP-TO-DATE
> Task :react-native-firebase_auth:mergeReleaseAssets UP-TO-DATE
> Task :react-native-maps:compileReleaseShaders NO-SOURCE
> Task :react-native-masked-view_masked-view:mergeReleaseShaders UP-TO-DATE
> Task :react-native-gesture-handler:mergeReleaseAssets UP-TO-DATE
> Task :react-native-maps:generateReleaseAssets UP-TO-DATE
> Task :react-native-masked-view_masked-view:compileReleaseShaders NO-SOURCE
> Task :react-native-masked-view_masked-view:generateReleaseAssets UP-TO-DATE
> Task :react-native-nitro-modules:mergeReleaseShaders UP-TO-DATE
> Task :react-native-firebase_messaging:mergeReleaseAssets UP-TO-DATE
> Task :react-native-maps:mergeReleaseAssets UP-TO-DATE
> Task :react-native-masked-view_masked-view:mergeReleaseAssets UP-TO-DATE
> Task :react-native-reanimated:mergeReleaseShaders UP-TO-DATE
> Task :react-native-nitro-modules:compileReleaseShaders NO-SOURCE
> Task :react-native-nitro-modules:generateReleaseAssets UP-TO-DATE
> Task :react-native-reanimated:compileReleaseShaders NO-SOURCE
> Task :react-native-reanimated:generateReleaseAssets UP-TO-DATE
> Task :react-native-safe-area-context:mergeReleaseShaders UP-TO-DATE
> Task :react-native-safe-area-context:compileReleaseShaders NO-SOURCE
> Task :react-native-safe-area-context:generateReleaseAssets UP-TO-DATE
> Task :react-native-worklets:configureCMakeRelWithDebInfo[x86_64]
> Task :react-native-reanimated:mergeReleaseAssets UP-TO-DATE
> Task :react-native-safe-area-context:mergeReleaseAssets UP-TO-DATE
> Task :react-native-nitro-modules:mergeReleaseAssets UP-TO-DATE
> Task :react-native-screens:mergeReleaseShaders UP-TO-DATE
> Task :react-native-screens:compileReleaseShaders NO-SOURCE
> Task :react-native-webview:mergeReleaseShaders UP-TO-DATE
> Task :react-native-webview:compileReleaseShaders NO-SOURCE
> Task :react-native-svg:mergeReleaseShaders UP-TO-DATE
> Task :react-native-webview:generateReleaseAssets UP-TO-DATE
> Task :react-native-svg:compileReleaseShaders NO-SOURCE
> Task :react-native-svg:generateReleaseAssets UP-TO-DATE
> Task :react-native-webview:mergeReleaseAssets UP-TO-DATE
> Task :react-native-svg:mergeReleaseAssets UP-TO-DATE
> Task :livekit_react-native-webrtc:processReleaseJavaRes NO-SOURCE
> Task :react-native-community_slider:processReleaseJavaRes NO-SOURCE
> Task :react-native-screens:generateReleaseAssets UP-TO-DATE
> Task :react-native-firebase_auth:processReleaseJavaRes NO-SOURCE
> Task :react-native-firebase_app:processReleaseJavaRes NO-SOURCE
> Task :livekit_react-native:processReleaseJavaRes UP-TO-DATE
> Task :react-native-screens:mergeReleaseAssets UP-TO-DATE
> Task :react-native-firebase_messaging:processReleaseJavaRes NO-SOURCE
> Task :react-native-masked-view_masked-view:processReleaseJavaRes NO-SOURCE
> Task :react-native-maps:processReleaseJavaRes NO-SOURCE
> Task :react-native-reanimated:processReleaseJavaRes NO-SOURCE
> Task :react-native-svg:processReleaseJavaRes NO-SOURCE
> Task :react-native-nitro-modules:processReleaseJavaRes UP-TO-DATE
> Task :react-native-safe-area-context:processReleaseJavaRes UP-TO-DATE
> Task :react-native-webview:processReleaseJavaRes UP-TO-DATE
> Task :react-native-screens:processReleaseJavaRes UP-TO-DATE
> Task :react-native-mmkv:buildCMakeRelWithDebInfo[x86]

> Task :expo-constants:createExpoConfig
The NODE_ENV environment variable is required but was not specified. Ensure the project is bundled with Expo CLI or NODE_ENV is set. Using only .env.local and .env
env: load .env
env: export EXPO_PUBLIC_API_URL EXPO_PUBLIC_GEMINI_KEY EXPO_PUBLIC_GOOGLE_MAPS_API_KEY EXPO_PUBLIC_LINE_CHANNEL_ID EXPO_PUBLIC_NAVER_MAPS_CLIENT_ID EXPO_PUBLIC_SUPABASE_ANON_KEY EXPO_PUBLIC_SUPABASE_URL FIREBASE_PROJECT_ID FIREBASE_SENDER_ID

> Task :expo-constants:preBuild
> Task :expo-constants:preReleaseBuild
> Task :expo-constants:mergeReleaseJniLibFolders UP-TO-DATE
> Task :expo-constants:mergeReleaseNativeLibs NO-SOURCE
> Task :expo-constants:copyReleaseJniLibsProjectOnly UP-TO-DATE
> Task :expo-constants:checkKotlinGradlePluginConfigurationErrors SKIPPED
> Task :expo-constants:generateReleaseBuildConfig UP-TO-DATE
> Task :expo-constants:generateReleaseResValues UP-TO-DATE
> Task :expo-constants:generateReleaseResources UP-TO-DATE
> Task :expo-constants:packageReleaseResources UP-TO-DATE
> Task :expo-constants:parseReleaseLocalResources UP-TO-DATE
> Task :expo-constants:generateReleaseRFile UP-TO-DATE
> Task :expo-constants:javaPreCompileRelease UP-TO-DATE
> Task :expo-constants:writeReleaseAarMetadata UP-TO-DATE
> Task :expo-constants:extractDeepLinksRelease UP-TO-DATE
> Task :react-native-mmkv:configureCMakeRelWithDebInfo[x86_64]
> Task :expo-constants:processReleaseManifest UP-TO-DATE
> Task :expo-constants:compileReleaseLibraryResources UP-TO-DATE
> Task :expo-constants:prepareReleaseArtProfile UP-TO-DATE
> Task :expo-constants:mergeReleaseShaders UP-TO-DATE
> Task :expo-constants:compileReleaseShaders NO-SOURCE
> Task :expo-constants:generateReleaseAssets UP-TO-DATE
> Task :expo-constants:mergeReleaseAssets UP-TO-DATE
> Task :react-native-worklets:buildCMakeRelWithDebInfo[x86_64][worklets]
> Task :react-native-mmkv:buildCMakeRelWithDebInfo[x86_64]
> Task :react-native-mmkv:mergeReleaseNativeLibs UP-TO-DATE
> Task :react-native-worklets:externalNativeBuildRelease
> Task :react-native-worklets:generateJsonModelRelease
> Task :react-native-mmkv:copyReleaseJniLibsProjectOnly UP-TO-DATE
> Task :react-native-worklets:prefabReleaseConfigurePackage
> Task :react-native-worklets:prefabReleasePackage UP-TO-DATE
> Task :react-native-worklets:mergeReleaseJniLibFolders UP-TO-DATE
> Task :react-native-worklets:mergeReleaseNativeLibs UP-TO-DATE
> Task :react-native-worklets:copyReleaseJniLibsProjectOnly UP-TO-DATE
> Task :react-native-worklets:checkKotlinGradlePluginConfigurationErrors SKIPPED
> Task :react-native-worklets:generateReleaseBuildConfig UP-TO-DATE
> Task :react-native-worklets:generateReleaseResValues UP-TO-DATE
> Task :react-native-worklets:generateReleaseResources UP-TO-DATE
> Task :react-native-audio-api:configureCMakeRelWithDebInfo[arm64-v8a]
> Task :react-native-worklets:packageReleaseResources UP-TO-DATE
> Task :react-native-worklets:parseReleaseLocalResources UP-TO-DATE
> Task :react-native-reanimated:configureCMakeRelWithDebInfo[arm64-v8a]
> Task :react-native-worklets:generateReleaseRFile UP-TO-DATE
> Task :react-native-mmkv:compileReleaseKotlin UP-TO-DATE
> Task :expo-modules-core:configureCMakeRelWithDebInfo[arm64-v8a]
> Task :react-native-audio-api:configureCMakeRelWithDebInfo[armeabi-v7a]
> Task :react-native-worklets:compileReleaseKotlin NO-SOURCE
> Task :react-native-worklets:javaPreCompileRelease UP-TO-DATE
> Task :react-native-mmkv:compileReleaseJavaWithJavac UP-TO-DATE
> Task :react-native-reanimated:configureCMakeRelWithDebInfo[armeabi-v7a]
> Task :react-native-worklets:compileReleaseJavaWithJavac UP-TO-DATE
> Task :expo-modules-core:configureCMakeRelWithDebInfo[armeabi-v7a]
> Task :react-native-worklets:bundleLibCompileToJarRelease UP-TO-DATE
> Task :react-native-worklets:bundleLibRuntimeToDirRelease UP-TO-DATE
> Task :react-native-mmkv:bundleLibRuntimeToDirRelease UP-TO-DATE
> Task :react-native-mmkv:writeReleaseAarMetadata UP-TO-DATE
> Task :react-native-mmkv:extractDeepLinksRelease UP-TO-DATE
> Task :react-native-worklets:writeReleaseAarMetadata UP-TO-DATE
> Task :react-native-worklets:extractDeepLinksRelease UP-TO-DATE
> Task :react-native-worklets:processReleaseManifest UP-TO-DATE
> Task :react-native-worklets:compileReleaseLibraryResources UP-TO-DATE
> Task :react-native-worklets:prepareReleaseArtProfile UP-TO-DATE
> Task :react-native-audio-api:configureCMakeRelWithDebInfo[x86]
> Task :react-native-worklets:bundleLibRuntimeToJarRelease UP-TO-DATE
> Task :react-native-worklets:mergeReleaseShaders UP-TO-DATE
> Task :react-native-worklets:compileReleaseShaders NO-SOURCE
> Task :react-native-worklets:generateReleaseAssets UP-TO-DATE
> Task :react-native-mmkv:processReleaseManifest UP-TO-DATE
> Task :react-native-worklets:mergeReleaseAssets UP-TO-DATE
> Task :react-native-worklets:processReleaseJavaRes NO-SOURCE
> Task :react-native-mmkv:compileReleaseLibraryResources UP-TO-DATE
> Task :expo-modules-core:configureCMakeRelWithDebInfo[x86]
> Task :react-native-mmkv:bundleLibCompileToJarRelease UP-TO-DATE
> Task :react-native-mmkv:prepareReleaseArtProfile UP-TO-DATE
> Task :react-native-mmkv:bundleLibRuntimeToJarRelease UP-TO-DATE
> Task :react-native-mmkv:mergeReleaseShaders UP-TO-DATE
> Task :react-native-mmkv:compileReleaseShaders NO-SOURCE
> Task :react-native-mmkv:generateReleaseAssets UP-TO-DATE
> Task :react-native-reanimated:configureCMakeRelWithDebInfo[x86]
> Task :react-native-mmkv:mergeReleaseAssets UP-TO-DATE
> Task :react-native-mmkv:processReleaseJavaRes UP-TO-DATE
> Task :react-native-reanimated:configureCMakeRelWithDebInfo[x86_64]
> Task :react-native-reanimated:generateJsonModelRelease
> Task :react-native-reanimated:prefabReleaseConfigurePackage UP-TO-DATE
> Task :expo-modules-core:buildCMakeRelWithDebInfo[arm64-v8a]
> Task :react-native-reanimated:buildCMakeRelWithDebInfo[arm64-v8a][reanimated]
> Task :expo-modules-core:buildCMakeRelWithDebInfo[armeabi-v7a]
> Task :react-native-audio-api:buildCMakeRelWithDebInfo[arm64-v8a]
> Task :expo-modules-core:buildCMakeRelWithDebInfo[x86]
> Task :expo-modules-core:configureCMakeRelWithDebInfo[x86_64]
> Task :react-native-reanimated:buildCMakeRelWithDebInfo[armeabi-v7a][reanimated]
> Task :expo-modules-core:buildCMakeRelWithDebInfo[x86_64]
> Task :expo-modules-core:mergeReleaseNativeLibs UP-TO-DATE
> Task :expo-modules-core:copyReleaseJniLibsProjectOnly UP-TO-DATE
> Task :react-native-audio-api:buildCMakeRelWithDebInfo[armeabi-v7a]
> Task :react-native-reanimated:buildCMakeRelWithDebInfo[x86][reanimated]
> Task :expo-modules-core:compileReleaseKotlin UP-TO-DATE
> Task :expo-modules-core:compileReleaseJavaWithJavac UP-TO-DATE
> Task :expo-modules-core:bundleLibCompileToJarRelease UP-TO-DATE
> Task :expo-dev-client:compileReleaseKotlin NO-SOURCE
> Task :expo-dev-client:compileReleaseJavaWithJavac UP-TO-DATE
> Task :expo-dev-client:bundleLibCompileToJarRelease UP-TO-DATE
> Task :expo-dev-menu-interface:compileReleaseKotlin NO-SOURCE
> Task :expo-dev-menu-interface:compileReleaseJavaWithJavac UP-TO-DATE
> Task :expo-dev-menu-interface:bundleLibCompileToJarRelease UP-TO-DATE
> Task :expo-dev-menu:compileReleaseKotlin UP-TO-DATE
> Task :expo-constants:compileReleaseKotlin UP-TO-DATE
> Task :react-native-audio-api:buildCMakeRelWithDebInfo[x86]
> Task :expo-dev-menu:compileReleaseJavaWithJavac UP-TO-DATE
> Task :expo-json-utils:compileReleaseKotlin UP-TO-DATE
> Task :expo-dev-launcher:compileReleaseKotlin UP-TO-DATE
> Task :expo-constants:compileReleaseJavaWithJavac UP-TO-DATE
> Task :expo-dev-menu:bundleLibCompileToJarRelease UP-TO-DATE
> Task :expo-constants:bundleLibCompileToJarRelease UP-TO-DATE
> Task :expo-json-utils:compileReleaseJavaWithJavac UP-TO-DATE
> Task :expo-dev-launcher:compileReleaseJavaWithJavac UP-TO-DATE
> Task :expo-dev-launcher:bundleLibCompileToJarRelease UP-TO-DATE
> Task :expo-json-utils:bundleLibCompileToJarRelease UP-TO-DATE
> Task :react-native-audio-api:configureCMakeRelWithDebInfo[x86_64]
> Task :react-native-reanimated:buildCMakeRelWithDebInfo[x86_64][reanimated]
> Task :expo-updates-interface:compileReleaseKotlin UP-TO-DATE
> Task :expo-speaker-route:compileReleaseKotlin UP-TO-DATE
> Task :expo-speaker-route:compileReleaseJavaWithJavac UP-TO-DATE
> Task :expo-updates-interface:compileReleaseJavaWithJavac UP-TO-DATE
> Task :expo-speaker-route:bundleLibCompileToJarRelease UP-TO-DATE
> Task :expo-updates-interface:bundleLibCompileToJarRelease UP-TO-DATE
> Task :expo-speaker-route:bundleLibRuntimeToDirRelease UP-TO-DATE
> Task :expo-log-box:compileReleaseKotlin UP-TO-DATE
> Task :expo-log-box:compileReleaseJavaWithJavac UP-TO-DATE
> Task :expo-manifests:compileReleaseKotlin UP-TO-DATE
> Task :expo-log-box:bundleLibCompileToJarRelease UP-TO-DATE
> Task :expo-log-box:bundleLibRuntimeToDirRelease UP-TO-DATE
> Task :livekit-react-native-expo-plugin:compileReleaseKotlin UP-TO-DATE
> Task :expo-dev-launcher:bundleLibRuntimeToDirRelease UP-TO-DATE
> Task :livekit-react-native-expo-plugin:compileReleaseJavaWithJavac UP-TO-DATE
> Task :livekit-react-native-expo-plugin:bundleLibCompileToJarRelease UP-TO-DATE
> Task :livekit-react-native-expo-plugin:bundleLibRuntimeToDirRelease UP-TO-DATE
> Task :expo-modules-core:bundleLibRuntimeToDirRelease UP-TO-DATE
> Task :expo-dev-menu-interface:bundleLibRuntimeToDirRelease UP-TO-DATE
> Task :expo-constants:bundleLibRuntimeToDirRelease UP-TO-DATE
> Task :expo-manifests:compileReleaseJavaWithJavac UP-TO-DATE
> Task :expo-dev-client:bundleLibRuntimeToDirRelease UP-TO-DATE
> Task :expo-manifests:bundleLibCompileToJarRelease UP-TO-DATE
> Task :expo-dev-menu:bundleLibRuntimeToDirRelease UP-TO-DATE
> Task :expo-json-utils:bundleLibRuntimeToDirRelease UP-TO-DATE
> Task :expo-manifests:bundleLibRuntimeToDirRelease UP-TO-DATE
> Task :expo-updates-interface:bundleLibRuntimeToDirRelease UP-TO-DATE
> Task :livekit-react-native-expo-plugin:bundleLibRuntimeToJarRelease UP-TO-DATE
> Task :expo-modules-core:bundleLibRuntimeToJarRelease UP-TO-DATE
> Task :expo-speaker-route:bundleLibRuntimeToJarRelease UP-TO-DATE
> Task :react-native-audio-api:buildCMakeRelWithDebInfo[x86_64]
> Task :expo-log-box:bundleLibRuntimeToJarRelease UP-TO-DATE
> Task :expo:compileReleaseKotlin UP-TO-DATE
> Task :expo-dev-launcher:bundleLibRuntimeToJarRelease UP-TO-DATE
> Task :expo-dev-menu-interface:bundleLibRuntimeToJarRelease UP-TO-DATE
> Task :expo-constants:bundleLibRuntimeToJarRelease UP-TO-DATE
> Task :expo-dev-client:bundleLibRuntimeToJarRelease UP-TO-DATE
> Task :react-native-audio-api:mergeReleaseNativeLibs UP-TO-DATE
> Task :expo-manifests:bundleLibRuntimeToJarRelease UP-TO-DATE
> Task :expo-dev-menu:bundleLibRuntimeToJarRelease UP-TO-DATE
> Task :expo:compileReleaseJavaWithJavac UP-TO-DATE
> Task :expo-json-utils:bundleLibRuntimeToJarRelease UP-TO-DATE
> Task :expo-updates-interface:bundleLibRuntimeToJarRelease UP-TO-DATE
> Task :react-native-audio-api:copyReleaseJniLibsProjectOnly UP-TO-DATE
> Task :expo-constants:processReleaseJavaRes UP-TO-DATE
> Task :expo-dev-client:processReleaseJavaRes NO-SOURCE
> Task :expo-dev-launcher:processReleaseJavaRes UP-TO-DATE
> Task :expo-dev-menu-interface:processReleaseJavaRes NO-SOURCE
> Task :expo-dev-menu:processReleaseJavaRes UP-TO-DATE
> Task :expo:bundleLibRuntimeToDirRelease UP-TO-DATE
> Task :expo-json-utils:processReleaseJavaRes UP-TO-DATE
> Task :expo:bundleLibCompileToJarRelease UP-TO-DATE
> Task :expo-log-box:processReleaseJavaRes UP-TO-DATE
> Task :expo:bundleLibRuntimeToJarRelease UP-TO-DATE
> Task :expo-manifests:processReleaseJavaRes UP-TO-DATE
> Task :expo:processReleaseJavaRes UP-TO-DATE
> Task :expo-updates-interface:processReleaseJavaRes UP-TO-DATE
> Task :livekit-react-native-expo-plugin:processReleaseJavaRes UP-TO-DATE
> Task :expo-modules-core:processReleaseJavaRes UP-TO-DATE
> Task :react-native-audio-api:compileReleaseKotlin UP-TO-DATE
> Task :expo-speaker-route:processReleaseJavaRes UP-TO-DATE
> Task :react-native-audio-api:compileReleaseJavaWithJavac UP-TO-DATE
> Task :react-native-audio-api:bundleLibRuntimeToDirRelease UP-TO-DATE
> Task :react-native-audio-api:bundleLibCompileToJarRelease UP-TO-DATE
> Task :react-native-audio-api:bundleLibRuntimeToJarRelease UP-TO-DATE
> Task :react-native-audio-api:processReleaseJavaRes UP-TO-DATE
> Task :react-native-reanimated:externalNativeBuildRelease
> Task :react-native-reanimated:prefabReleasePackage UP-TO-DATE
> Task :react-native-reanimated:mergeReleaseNativeLibs UP-TO-DATE
> Task :react-native-reanimated:copyReleaseJniLibsProjectOnly UP-TO-DATE
> Task :react-native-reanimated:compileReleaseJavaWithJavac UP-TO-DATE
> Task :react-native-reanimated:bundleLibCompileToJarRelease UP-TO-DATE
> Task :react-native-reanimated:bundleLibRuntimeToDirRelease UP-TO-DATE
> Task :react-native-reanimated:bundleLibRuntimeToJarRelease UP-TO-DATE
> Task :react-native-gesture-handler:configureCMakeRelWithDebInfo[arm64-v8a]
> Task :react-native-gesture-handler:buildCMakeRelWithDebInfo[arm64-v8a]
> Task :react-native-gesture-handler:configureCMakeRelWithDebInfo[armeabi-v7a]
> Task :react-native-gesture-handler:buildCMakeRelWithDebInfo[armeabi-v7a]
> Task :react-native-gesture-handler:configureCMakeRelWithDebInfo[x86]
> Task :react-native-gesture-handler:buildCMakeRelWithDebInfo[x86]
> Task :react-native-gesture-handler:configureCMakeRelWithDebInfo[x86_64]
> Task :react-native-gesture-handler:buildCMakeRelWithDebInfo[x86_64]
> Task :react-native-gesture-handler:mergeReleaseNativeLibs UP-TO-DATE
> Task :react-native-gesture-handler:copyReleaseJniLibsProjectOnly UP-TO-DATE
> Task :react-native-gesture-handler:compileReleaseKotlin UP-TO-DATE
> Task :react-native-gesture-handler:compileReleaseJavaWithJavac UP-TO-DATE
> Task :react-native-gesture-handler:bundleLibRuntimeToDirRelease UP-TO-DATE
> Task :react-native-gesture-handler:bundleLibCompileToJarRelease UP-TO-DATE
> Task :react-native-gesture-handler:bundleLibRuntimeToJarRelease UP-TO-DATE
> Task :react-native-gesture-handler:processReleaseJavaRes UP-TO-DATE

> Task :app:createBundleReleaseJsAndAssets
env: load .env
env: export EXPO_PUBLIC_API_URL EXPO_PUBLIC_GEMINI_KEY EXPO_PUBLIC_GOOGLE_MAPS_API_KEY EXPO_PUBLIC_LINE_CHANNEL_ID EXPO_PUBLIC_NAVER_MAPS_CLIENT_ID EXPO_PUBLIC_SUPABASE_ANON_KEY EXPO_PUBLIC_SUPABASE_URL FIREBASE_PROJECT_ID FIREBASE_SENDER_ID
Starting Metro Bundler

warning: Bundler cache is empty, rebuilding (this may take a minute)
Android Bundled 13116ms node_modules/expo-router/entry.js (4288 modules)
Writing bundle output to: /Users/shin-woochoul/workspace/reactnative-starterkit/k-gganbu/android/app/build/generated/assets/react/release/index.android.bundle
Writing sourcemap output to: /Users/shin-woochoul/workspace/reactnative-starterkit/k-gganbu/android/app/build/intermediates/sourcemaps/react/release/index.android.bundle.packager.map
Copying 58 asset files
Done writing bundle output
Done writing sourcemap output

> Task :app:preBuild
> Task :app:preReleaseBuild
> Task :app:configureCMakeRelWithDebInfo[arm64-v8a]
> Task :app:buildCMakeRelWithDebInfo[arm64-v8a]
> Task :app:configureCMakeRelWithDebInfo[armeabi-v7a]
> Task :app:buildCMakeRelWithDebInfo[armeabi-v7a]
> Task :app:configureCMakeRelWithDebInfo[x86]
> Task :app:buildCMakeRelWithDebInfo[x86]
> Task :app:configureCMakeRelWithDebInfo[x86_64]
> Task :app:buildCMakeRelWithDebInfo[x86_64]
> Task :app:mergeReleaseJniLibFolders UP-TO-DATE
> Task :app:mergeReleaseNativeLibs UP-TO-DATE
> Task :app:stripReleaseDebugSymbols UP-TO-DATE
> Task :app:extractReleaseNativeSymbolTables UP-TO-DATE
> Task :app:mergeReleaseNativeDebugMetadata UP-TO-DATE
> Task :app:checkReleaseDuplicateClasses UP-TO-DATE
> Task :app:generateReleaseBuildConfig UP-TO-DATE
> Task :app:checkReleaseAarMetadata UP-TO-DATE
> Task :app:generateReleaseResValues UP-TO-DATE
> Task :app:processReleaseGoogleServices UP-TO-DATE
> Task :app:mapReleaseSourceSetPaths UP-TO-DATE
> Task :app:generateReleaseResources UP-TO-DATE
> Task :app:mergeReleaseResources UP-TO-DATE
> Task :app:packageReleaseResources UP-TO-DATE
> Task :app:parseReleaseLocalResources UP-TO-DATE
> Task :app:createReleaseCompatibleScreenManifests UP-TO-DATE
> Task :app:extractDeepLinksRelease UP-TO-DATE
> Task :app:processReleaseMainManifest UP-TO-DATE
> Task :app:expoReleaseOverrideMaxSdkConflicts UP-TO-DATE
> Task :app:processReleaseManifest UP-TO-DATE
> Task :app:processReleaseManifestForPackage UP-TO-DATE
> Task :app:processReleaseResources UP-TO-DATE
> Task :app:compileReleaseKotlin UP-TO-DATE
> Task :app:javaPreCompileRelease UP-TO-DATE
> Task :app:compileReleaseJavaWithJavac UP-TO-DATE
> Task :app:dexBuilderRelease UP-TO-DATE
> Task :app:desugarReleaseFileDependencies UP-TO-DATE
> Task :app:mergeReleaseStartupProfile UP-TO-DATE
> Task :app:mergeExtDexRelease UP-TO-DATE
> Task :app:mergeDexRelease UP-TO-DATE
> Task :app:mergeReleaseArtProfile UP-TO-DATE
> Task :app:mergeReleaseGlobalSynthetics UP-TO-DATE
> Task :app:compileReleaseArtProfile UP-TO-DATE
> Task :app:mergeReleaseShaders UP-TO-DATE
> Task :app:compileReleaseShaders NO-SOURCE
> Task :app:generateReleaseAssets UP-TO-DATE
> Task :app:mergeReleaseAssets
> Task :app:extractReleaseVersionControlInfo UP-TO-DATE
> Task :app:processReleaseJavaRes UP-TO-DATE
> Task :app:mergeReleaseJavaResource UP-TO-DATE
> Task :app:optimizeReleaseResources UP-TO-DATE
> Task :app:collectReleaseDependencies UP-TO-DATE
> Task :app:sdkReleaseDependencyData UP-TO-DATE
> Task :app:validateSigningRelease UP-TO-DATE
> Task :app:writeReleaseAppMetadata UP-TO-DATE
> Task :app:writeReleaseSigningConfigVersions UP-TO-DATE
> Task :app:compressReleaseAssets
> Task :app:packageRelease
> Task :app:createReleaseApkListingFileRedirect UP-TO-DATE
> Task :app:assembleRelease

[Incubating] Problems report is available at: file:///Users/shin-woochoul/workspace/reactnative-starterkit/k-gganbu/android/build/reports/problems/problems-report.html

Deprecated Gradle features were used in this build, making it incompatible with Gradle 10.

You can use '--warning-mode all' to show the individual deprecation warnings and determine if they come from your own scripts or plugins.

For more on this, please refer to https://docs.gradle.org/9.3.1/userguide/command_line_interface.html#sec:command_line_warnings in the Gradle documentation.

BUILD SUCCESSFUL in 35s
866 actionable tasks: 86 executed, 780 up-to-date
